[2023-02-13 16:14:12,086] 20 root - INFO - exploring collection data as panda dataframe
[2023-02-13 16:14:12,087] 20 root - INFO - Reading data form database: {datebase_name} and collection: {collection_name}
[2023-02-13 16:14:16,442] 22 root - INFO - Found columns:Index(['_id', 'class', 'aa_000', 'ab_000', 'ac_000', 'ad_000', 'ae_000',
       'af_000', 'ag_000', 'ag_001',
       ...
       'ee_002', 'ee_003', 'ee_004', 'ee_005', 'ee_006', 'ee_007', 'ee_008',
       'ee_009', 'ef_000', 'eg_000'],
      dtype='object', length=172)
[2023-02-13 16:14:16,442] 24 root - INFO - Dropping colunm: _id 
[2023-02-13 16:14:16,687] 26 root - INFO - Rows and columns in df: (36188, 171)
[2023-02-13 16:14:16,687] 26 root - INFO - save data in feature store
[2023-02-13 16:14:17,377] 32 root - INFO - create featrue store folder
[2023-02-13 16:14:17,377] 38 root - INFO - save df to feature store folder
[2023-02-13 16:14:19,955] 42 root - INFO - split data set in to train test split
[2023-02-13 16:14:20,622] 46 root - INFO - Creating dataset directory folder if not available
[2023-02-13 16:14:20,623] 51 root - INFO - save train test to feature store folder
[2023-02-13 16:14:22,872] 63 root - INFO - Data ingestion artifact: DataIngestionArtifact(feature_store_file_path='/config/workspace/artifact/02132023__161412/data_ingestion/feature_store/sensor.csv', train_file_path='/config/workspace/artifact/02132023__161412/data_ingestion/dataset/train.csv', test_file_path='/config/workspace/artifact/02132023__161412/data_ingestion/dataset/test.csv')
[2023-02-13 16:14:23,318] 19 root - INFO - >>>>>>>>>>>>>>>>>>>>>>>>>>>>>>>>>>>>>>>> Data validaion <<<<<<<<<<<<<<<<<<<<<<<<<<<<<<<<<<<<<<<<
[2023-02-13 16:14:23,319] 102 root - INFO - reading base dataframe
[2023-02-13 16:14:26,277] 105 root - INFO - replace na value in base dataframe
