[2023-02-13 16:18:41,460] 20 root - INFO - exploring collection data as panda dataframe
[2023-02-13 16:18:41,460] 20 root - INFO - Reading data form database: {datebase_name} and collection: {collection_name}
[2023-02-13 16:18:45,241] 22 root - INFO - Found columns:Index(['_id', 'class', 'aa_000', 'ab_000', 'ac_000', 'ad_000', 'ae_000',
       'af_000', 'ag_000', 'ag_001',
       ...
       'ee_002', 'ee_003', 'ee_004', 'ee_005', 'ee_006', 'ee_007', 'ee_008',
       'ee_009', 'ef_000', 'eg_000'],
      dtype='object', length=172)
[2023-02-13 16:18:45,242] 24 root - INFO - Dropping colunm: _id 
[2023-02-13 16:18:45,436] 26 root - INFO - Rows and columns in df: (36188, 171)
[2023-02-13 16:18:45,436] 26 root - INFO - save data in feature store
[2023-02-13 16:18:45,972] 32 root - INFO - create featrue store folder
[2023-02-13 16:18:45,973] 38 root - INFO - save df to feature store folder
[2023-02-13 16:18:48,303] 42 root - INFO - split data set in to train test split
[2023-02-13 16:18:48,819] 46 root - INFO - Creating dataset directory folder if not available
[2023-02-13 16:18:48,819] 51 root - INFO - save train test to feature store folder
[2023-02-13 16:18:50,948] 63 root - INFO - Data ingestion artifact: DataIngestionArtifact(feature_store_file_path='/config/workspace/artifact/02132023__161841/data_ingestion/feature_store/sensor.csv', train_file_path='/config/workspace/artifact/02132023__161841/data_ingestion/dataset/train.csv', test_file_path='/config/workspace/artifact/02132023__161841/data_ingestion/dataset/test.csv')
[2023-02-13 16:18:51,402] 19 root - INFO - >>>>>>>>>>>>>>>>>>>>>>>>>>>>>>>>>>>>>>>> Data validaion <<<<<<<<<<<<<<<<<<<<<<<<<<<<<<<<<<<<<<<<
[2023-02-13 16:18:51,402] 103 root - INFO - reading base dataframe
[2023-02-13 16:18:54,254] 106 root - INFO - replace na value in base dataframe
[2023-02-13 16:18:54,254] 39 root - INFO - selection column name which contains null abobe to 0.2
[2023-02-13 16:18:55,167] 44 root - INFO - Columns to drop: Index(['ab_000', 'ad_000', 'bk_000', 'bl_000', 'bm_000', 'bn_000', 'bo_000',
       'bp_000', 'bq_000', 'br_000', 'cf_000', 'cg_000', 'ch_000', 'co_000',
       'cr_000', 'ct_000', 'cu_000', 'cv_000', 'cx_000', 'cy_000', 'cz_000',
       'da_000', 'db_000', 'dc_000'],
      dtype='object')
[2023-02-13 16:18:55,247] 110 root - INFO - dropping null values columns from base dataframe
[2023-02-13 16:18:55,247] 112 root - INFO - reading the train data frame
[2023-02-13 16:18:55,633] 115 root - INFO - reading test dataframe
[2023-02-13 16:18:55,731] 117 root - INFO - dropping null values columns from train dataframe
[2023-02-13 16:18:55,731] 39 root - INFO - selection column name which contains null abobe to 0.2
[2023-02-13 16:18:55,743] 44 root - INFO - Columns to drop: Index(['ab_000', 'ad_000', 'bk_000', 'bl_000', 'bm_000', 'bn_000', 'bo_000',
       'bp_000', 'bq_000', 'br_000', 'cf_000', 'cg_000', 'ch_000', 'co_000',
       'cr_000', 'ct_000', 'cu_000', 'cv_000', 'cx_000', 'cy_000', 'cz_000',
       'da_000', 'db_000', 'dc_000'],
      dtype='object')
[2023-02-13 16:18:55,755] 119 root - INFO - dropping null values columns from test dataframe
[2023-02-13 16:18:55,755] 39 root - INFO - selection column name which contains null abobe to 0.2
[2023-02-13 16:18:55,760] 44 root - INFO - Columns to drop: Index(['ab_000', 'ad_000', 'bk_000', 'bl_000', 'bm_000', 'bn_000', 'bo_000',
       'bp_000', 'bq_000', 'br_000', 'cf_000', 'cg_000', 'ch_000', 'co_000',
       'cr_000', 'ct_000', 'cu_000', 'cv_000', 'cx_000', 'cy_000', 'cz_000',
       'da_000', 'db_000', 'dc_000'],
      dtype='object')
[2023-02-13 16:18:55,763] 122 root - INFO - is all required columns present train_df
[2023-02-13 16:18:55,764] 124 root - INFO - is all required columns present in test df
[2023-02-13 16:18:55,764] 128 root - INFO - As all columns are available in train_df hence detecting data drift
