[2023-02-13 16:54:51,163] 20 root - INFO - exploring collection data as panda dataframe
[2023-02-13 16:54:51,163] 21 root - INFO - Reading data form database: {datebase_name} and collection: {collection_name}
[2023-02-13 16:54:54,612] 23 root - INFO - Found columns:Index(['_id', 'class', 'aa_000', 'ab_000', 'ac_000', 'ad_000', 'ae_000',
       'af_000', 'ag_000', 'ag_001',
       ...
       'ee_002', 'ee_003', 'ee_004', 'ee_005', 'ee_006', 'ee_007', 'ee_008',
       'ee_009', 'ef_000', 'eg_000'],
      dtype='object', length=172)
[2023-02-13 16:54:54,613] 25 root - INFO - Dropping colunm: _id 
[2023-02-13 16:54:54,802] 27 root - INFO - Rows and columns in df: (36188, 171)
[2023-02-13 16:54:54,802] 26 root - INFO - save data in feature store
[2023-02-13 16:54:55,334] 32 root - INFO - create featrue store folder
[2023-02-13 16:54:55,334] 38 root - INFO - save df to feature store folder
[2023-02-13 16:54:57,695] 42 root - INFO - split data set in to train test split
[2023-02-13 16:54:58,244] 46 root - INFO - Creating dataset directory folder if not available
[2023-02-13 16:54:58,245] 51 root - INFO - save train test to feature store folder
[2023-02-13 16:55:00,373] 63 root - INFO - Data ingestion artifact: DataIngestionArtifact(feature_store_file_path='/config/workspace/artifact/02132023__165451/data_ingestion/feature_store/sensor.csv', train_file_path='/config/workspace/artifact/02132023__165451/data_ingestion/dataset/train.csv', test_file_path='/config/workspace/artifact/02132023__165451/data_ingestion/dataset/test.csv')
[2023-02-13 16:55:00,766] 19 root - INFO - >>>>>>>>>>>>>>>>>>>>>>>>>>>>>>>>>>>>>>>> Data validaion <<<<<<<<<<<<<<<<<<<<<<<<<<<<<<<<<<<<<<<<
[2023-02-13 16:55:00,766] 103 root - INFO - reading base dataframe
[2023-02-13 16:55:03,642] 106 root - INFO - replace na value in base dataframe
[2023-02-13 16:55:03,643] 39 root - INFO - selection column name which contains null abobe to 0.2
[2023-02-13 16:55:04,566] 44 root - INFO - Columns to drop: ['ab_000', 'ad_000', 'bk_000', 'bl_000', 'bm_000', 'bn_000', 'bo_000', 'bp_000', 'bq_000', 'br_000', 'cf_000', 'cg_000', 'ch_000', 'co_000', 'cr_000', 'ct_000', 'cu_000', 'cv_000', 'cx_000', 'cy_000', 'cz_000', 'da_000', 'db_000', 'dc_000']
[2023-02-13 16:55:04,681] 110 root - INFO - dropping null values columns from base dataframe
[2023-02-13 16:55:04,681] 112 root - INFO - reading the train data frame
[2023-02-13 16:55:05,066] 115 root - INFO - reading test dataframe
[2023-02-13 16:55:05,164] 117 root - INFO - dropping null values columns from train dataframe
[2023-02-13 16:55:05,164] 39 root - INFO - selection column name which contains null abobe to 0.2
[2023-02-13 16:55:05,176] 44 root - INFO - Columns to drop: ['ab_000', 'ad_000', 'bk_000', 'bl_000', 'bm_000', 'bn_000', 'bo_000', 'bp_000', 'bq_000', 'br_000', 'cf_000', 'cg_000', 'ch_000', 'co_000', 'cr_000', 'ct_000', 'cu_000', 'cv_000', 'cx_000', 'cy_000', 'cz_000', 'da_000', 'db_000', 'dc_000']
[2023-02-13 16:55:05,184] 119 root - INFO - dropping null values columns from test dataframe
[2023-02-13 16:55:05,184] 39 root - INFO - selection column name which contains null abobe to 0.2
[2023-02-13 16:55:05,188] 44 root - INFO - Columns to drop: ['ab_000', 'ad_000', 'bk_000', 'bl_000', 'bm_000', 'bn_000', 'bo_000', 'bp_000', 'bq_000', 'br_000', 'cf_000', 'cg_000', 'ch_000', 'co_000', 'cr_000', 'ct_000', 'cu_000', 'cv_000', 'cx_000', 'cy_000', 'cz_000', 'da_000', 'db_000', 'dc_000']
[2023-02-13 16:55:11,064] 127 root - INFO - is all required columns present train_df
[2023-02-13 16:55:11,065] 129 root - INFO - is all required columns present in test df
[2023-02-13 16:55:11,065] 133 root - INFO - As all columns are available in train_df hence detecting data drift
[2023-02-13 16:55:13,842] 136 root - INFO - As all columns are available in train_df hence detecting data drift
[2023-02-13 16:55:15,010] 140 root - INFO - writing report in Yaml file
[2023-02-13 16:55:15,084] 145 root - INFO - Data Validation artifact: DataValidationArtifact(report_file_path='/config/workspace/artifact/02132023__165451/data_validation/report.yaml')
